2023-07-20 12:26:10,706 INFO o.s.b.StartupInfoLogger [restartedMain] Starting ViaCepBrqApplication using Java 17.0.4 with PID 22148 (C:\dev\POC\via-cep-brq\target\classes started by ejn in C:\dev\POC\via-cep-brq)
2023-07-20 12:26:10,715 DEBUG o.s.b.StartupInfoLogger [restartedMain] Running with Spring Boot v3.1.1, Spring v6.0.10
2023-07-20 12:26:10,718 INFO o.s.b.SpringApplication [restartedMain] No active profile set, falling back to 1 default profile: "default"
2023-07-20 12:26:10,795 INFO o.s.b.l.DeferredLog [restartedMain] Devtools property defaults active! Set 'spring.devtools.add-properties' to 'false' to disable
2023-07-20 12:26:10,800 INFO o.s.b.l.DeferredLog [restartedMain] For additional web related logging consider setting the 'logging.level.web' property to 'DEBUG'
2023-07-20 12:26:12,657 INFO o.s.b.w.e.t.TomcatWebServer [restartedMain] Tomcat initialized with port(s): 8080 (http)
2023-07-20 12:26:12,669 INFO o.a.j.l.DirectJDKLog [restartedMain] Initializing ProtocolHandler ["http-nio-8080"]
2023-07-20 12:26:12,673 INFO o.a.j.l.DirectJDKLog [restartedMain] Starting service [Tomcat]
2023-07-20 12:26:12,674 INFO o.a.j.l.DirectJDKLog [restartedMain] Starting Servlet engine: [Apache Tomcat/10.1.10]
2023-07-20 12:26:12,749 INFO o.a.j.l.DirectJDKLog [restartedMain] Initializing Spring embedded WebApplicationContext
2023-07-20 12:26:12,751 INFO o.s.b.w.s.c.ServletWebServerApplicationContext [restartedMain] Root WebApplicationContext: initialization completed in 1947 ms
2023-07-20 12:26:14,234 INFO o.s.b.d.a.OptionalLiveReloadServer [restartedMain] LiveReload server is running on port 35729
2023-07-20 12:26:14,242 INFO o.s.b.a.e.w.EndpointLinksResolver [restartedMain] Exposing 1 endpoint(s) beneath base path '/actuator'
2023-07-20 12:26:14,285 INFO o.a.j.l.DirectJDKLog [restartedMain] Starting ProtocolHandler ["http-nio-8080"]
2023-07-20 12:26:14,311 INFO o.s.b.w.e.t.TomcatWebServer [restartedMain] Tomcat started on port(s): 8080 (http) with context path ''
2023-07-20 12:26:14,330 INFO o.s.b.StartupInfoLogger [restartedMain] Started ViaCepBrqApplication in 4.187 seconds (process running for 5.057)
2023-07-20 12:26:36,209 INFO o.a.j.l.DirectJDKLog [http-nio-8080-exec-1] Initializing Spring DispatcherServlet 'dispatcherServlet'
2023-07-20 12:26:36,209 INFO o.s.w.s.FrameworkServlet [http-nio-8080-exec-1] Initializing Servlet 'dispatcherServlet'
2023-07-20 12:26:36,211 INFO o.s.w.s.FrameworkServlet [http-nio-8080-exec-1] Completed initialization in 1 ms
2023-07-20 12:26:36,280 INFO c.b.v.s.AddressService [http-nio-8080-exec-1] Starting the address lookup by CEP
2023-07-20 12:26:37,097 INFO c.b.v.s.AddressService [ForkJoinPool.commonPool-worker-1] Success execution.
2023-07-20 12:26:40,144 INFO c.b.v.s.AddressService [http-nio-8080-exec-2] Starting the address lookup by CEP
2023-07-20 12:26:40,202 INFO c.b.v.s.AddressService [ForkJoinPool.commonPool-worker-1] Success execution.
2023-07-20 12:26:43,960 INFO c.b.v.s.AddressService [http-nio-8080-exec-3] Starting the address lookup by CEP
2023-07-20 12:26:44,014 INFO c.b.v.s.AddressService [ForkJoinPool.commonPool-worker-1] Success execution.
